<?xml version="1.0" encoding="UTF-8"?>
<testng-results ignored="0" total="1" passed="1" failed="0" skipped="0">
  <reporter-output>
  </reporter-output>
  <suite started-at="2023-05-29T11:33:19 IST" name="Default suite" finished-at="2023-05-29T11:33:35 IST" duration-ms="16118">
    <groups>
    </groups>
    <test started-at="2023-05-29T11:33:19 IST" name="Default test" finished-at="2023-05-29T11:33:35 IST" duration-ms="16118">
      <class name="testscripts.AddPythonToMyCartTest">
        <test-method is-config="true" signature="classConfig()[pri:0, instance:testscripts.AddPythonToMyCartTest@4d465b11]" started-at="2023-05-29T11:33:19 IST" name="classConfig" finished-at="2023-05-29T11:33:20 IST" duration-ms="1299" status="PASS">
          <reporter-output>
          </reporter-output>
        </test-method> <!-- classConfig -->
        <test-method is-config="true" signature="methodConfig()[pri:0, instance:testscripts.AddPythonToMyCartTest@4d465b11]" started-at="2023-05-29T11:33:20 IST" name="methodConfig" finished-at="2023-05-29T11:33:25 IST" duration-ms="5210" status="PASS">
          <reporter-output>
          </reporter-output>
        </test-method> <!-- methodConfig -->
        <test-method signature="addPythonToCartTest()[pri:0, instance:testscripts.AddPythonToMyCartTest@4d465b11]" started-at="2023-05-29T11:33:25 IST" name="addPythonToCartTest" finished-at="2023-05-29T11:33:34 IST" duration-ms="8977" status="PASS">
          <reporter-output>
          </reporter-output>
        </test-method> <!-- addPythonToCartTest -->
        <test-method is-config="true" signature="methodTearDown()[pri:0, instance:testscripts.AddPythonToMyCartTest@4d465b11]" started-at="2023-05-29T11:33:34 IST" name="methodTearDown" finished-at="2023-05-29T11:33:35 IST" duration-ms="562" status="PASS">
          <reporter-output>
          </reporter-output>
        </test-method> <!-- methodTearDown -->
        <test-method is-config="true" signature="classTearDown()[pri:0, instance:testscripts.AddPythonToMyCartTest@4d465b11]" started-at="2023-05-29T11:33:35 IST" name="classTearDown" finished-at="2023-05-29T11:33:35 IST" duration-ms="0" status="PASS">
          <reporter-output>
          </reporter-output>
        </test-method> <!-- classTearDown -->
      </class> <!-- testscripts.AddPythonToMyCartTest -->
    </test> <!-- Default test -->
  </suite> <!-- Default suite -->
</testng-results>
